Determining if the function sgetrf_single exists failed with the following output:
Change Dir: /home/james/Documents/TopCoder/Solutions/git/earthquake_forcaster/build-quakePredictor-aws/CMakeFiles/CMakeTmp

Run Build Command:"/usr/bin/make" "cmTryCompileExec2518770285/fast"
make[1]: Entering directory '/home/james/Documents/TopCoder/Solutions/git/earthquake_forcaster/build-quakePredictor-aws/CMakeFiles/CMakeTmp'
/usr/bin/make -f CMakeFiles/cmTryCompileExec2518770285.dir/build.make CMakeFiles/cmTryCompileExec2518770285.dir/build
make[2]: Entering directory '/home/james/Documents/TopCoder/Solutions/git/earthquake_forcaster/build-quakePredictor-aws/CMakeFiles/CMakeTmp'
/usr/local/bin/cmake -E cmake_progress_report /home/james/Documents/TopCoder/Solutions/git/earthquake_forcaster/build-quakePredictor-aws/CMakeFiles/CMakeTmp/CMakeFiles 1
Building C object CMakeFiles/cmTryCompileExec2518770285.dir/CheckFunctionExists.c.o
/usr/bin/cc   -DCHECK_FUNCTION_EXISTS=sgetrf_single   -o CMakeFiles/cmTryCompileExec2518770285.dir/CheckFunctionExists.c.o   -c /usr/local/share/cmake-3.2/Modules/CheckFunctionExists.c
Linking C executable cmTryCompileExec2518770285
/usr/local/bin/cmake -E cmake_link_script CMakeFiles/cmTryCompileExec2518770285.dir/link.txt --verbose=1
/usr/bin/cc   -DCHECK_FUNCTION_EXISTS=sgetrf_single    CMakeFiles/cmTryCompileExec2518770285.dir/CheckFunctionExists.c.o  -o cmTryCompileExec2518770285 -rdynamic -lcblas 
CMakeFiles/cmTryCompileExec2518770285.dir/CheckFunctionExists.c.o: In function `main':
CheckFunctionExists.c:(.text+0x15): undefined reference to `sgetrf_single'
collect2: error: ld returned 1 exit status
CMakeFiles/cmTryCompileExec2518770285.dir/build.make:89: recipe for target 'cmTryCompileExec2518770285' failed
make[2]: *** [cmTryCompileExec2518770285] Error 1
make[2]: Leaving directory '/home/james/Documents/TopCoder/Solutions/git/earthquake_forcaster/build-quakePredictor-aws/CMakeFiles/CMakeTmp'
Makefile:117: recipe for target 'cmTryCompileExec2518770285/fast' failed
make[1]: Leaving directory '/home/james/Documents/TopCoder/Solutions/git/earthquake_forcaster/build-quakePredictor-aws/CMakeFiles/CMakeTmp'
make[1]: *** [cmTryCompileExec2518770285/fast] Error 2


