The system is: Linux - 3.19.0-23-generic - x86_64
Compiling the C compiler identification source file "CMakeCCompilerId.c" succeeded.
Compiler: /usr/bin/cc 
Build flags: 
Id flags: 

The output was:
0


Compilation of the C compiler identification source "CMakeCCompilerId.c" produced "a.out"

The C compiler identification is GNU, found in "/home/james/Documents/TopCoder/Solutions/git/earthquake_forcaster/build-quakePredictor-aws/CMakeFiles/3.2.1/CompilerIdC/a.out"

Compiling the CXX compiler identification source file "CMakeCXXCompilerId.cpp" succeeded.
Compiler: /usr/bin/c++ 
Build flags: 
Id flags: 

The output was:
0


Compilation of the CXX compiler identification source "CMakeCXXCompilerId.cpp" produced "a.out"

The CXX compiler identification is GNU, found in "/home/james/Documents/TopCoder/Solutions/git/earthquake_forcaster/build-quakePredictor-aws/CMakeFiles/3.2.1/CompilerIdCXX/a.out"

Determining if the C compiler works passed with the following output:
Change Dir: /home/james/Documents/TopCoder/Solutions/git/earthquake_forcaster/build-quakePredictor-aws/CMakeFiles/CMakeTmp

Run Build Command:"/usr/bin/make" "cmTryCompileExec3670205140/fast"
/usr/bin/make -f CMakeFiles/cmTryCompileExec3670205140.dir/build.make CMakeFiles/cmTryCompileExec3670205140.dir/build
make[1]: Entering directory '/home/james/Documents/TopCoder/Solutions/git/earthquake_forcaster/build-quakePredictor-aws/CMakeFiles/CMakeTmp'
/usr/local/bin/cmake -E cmake_progress_report /home/james/Documents/TopCoder/Solutions/git/earthquake_forcaster/build-quakePredictor-aws/CMakeFiles/CMakeTmp/CMakeFiles 1
Building C object CMakeFiles/cmTryCompileExec3670205140.dir/testCCompiler.c.o
/usr/bin/cc    -o CMakeFiles/cmTryCompileExec3670205140.dir/testCCompiler.c.o   -c /home/james/Documents/TopCoder/Solutions/git/earthquake_forcaster/build-quakePredictor-aws/CMakeFiles/CMakeTmp/testCCompiler.c
Linking C executable cmTryCompileExec3670205140
/usr/local/bin/cmake -E cmake_link_script CMakeFiles/cmTryCompileExec3670205140.dir/link.txt --verbose=1
/usr/bin/cc       CMakeFiles/cmTryCompileExec3670205140.dir/testCCompiler.c.o  -o cmTryCompileExec3670205140 -rdynamic 
make[1]: Leaving directory '/home/james/Documents/TopCoder/Solutions/git/earthquake_forcaster/build-quakePredictor-aws/CMakeFiles/CMakeTmp'


Detecting C compiler ABI info compiled with the following output:
Change Dir: /home/james/Documents/TopCoder/Solutions/git/earthquake_forcaster/build-quakePredictor-aws/CMakeFiles/CMakeTmp

Run Build Command:"/usr/bin/make" "cmTryCompileExec166812643/fast"
/usr/bin/make -f CMakeFiles/cmTryCompileExec166812643.dir/build.make CMakeFiles/cmTryCompileExec166812643.dir/build
make[1]: Entering directory '/home/james/Documents/TopCoder/Solutions/git/earthquake_forcaster/build-quakePredictor-aws/CMakeFiles/CMakeTmp'
/usr/local/bin/cmake -E cmake_progress_report /home/james/Documents/TopCoder/Solutions/git/earthquake_forcaster/build-quakePredictor-aws/CMakeFiles/CMakeTmp/CMakeFiles 1
Building C object CMakeFiles/cmTryCompileExec166812643.dir/CMakeCCompilerABI.c.o
/usr/bin/cc    -o CMakeFiles/cmTryCompileExec166812643.dir/CMakeCCompilerABI.c.o   -c /usr/local/share/cmake-3.2/Modules/CMakeCCompilerABI.c
Linking C executable cmTryCompileExec166812643
/usr/local/bin/cmake -E cmake_link_script CMakeFiles/cmTryCompileExec166812643.dir/link.txt --verbose=1
/usr/bin/cc      -v CMakeFiles/cmTryCompileExec166812643.dir/CMakeCCompilerABI.c.o  -o cmTryCompileExec166812643 -rdynamic  
Using built-in specs.
COLLECT_GCC=/usr/bin/cc
COLLECT_LTO_WRAPPER=/usr/lib/gcc/x86_64-linux-gnu/4.9/lto-wrapper
Target: x86_64-linux-gnu
Configured with: ../src/configure -v --with-pkgversion='Ubuntu 4.9.2-10ubuntu13' --with-bugurl=file:///usr/share/doc/gcc-4.9/README.Bugs --enable-languages=c,c++,java,go,d,fortran,objc,obj-c++ --prefix=/usr --program-suffix=-4.9 --enable-shared --enable-linker-build-id --libexecdir=/usr/lib --without-included-gettext --enable-threads=posix --with-gxx-include-dir=/usr/include/c++/4.9 --libdir=/usr/lib --enable-nls --with-sysroot=/ --enable-clocale=gnu --enable-libstdcxx-debug --enable-libstdcxx-time=yes --enable-gnu-unique-object --disable-vtable-verify --enable-plugin --with-system-zlib --disable-browser-plugin --enable-java-awt=gtk --enable-gtk-cairo --with-java-home=/usr/lib/jvm/java-1.5.0-gcj-4.9-amd64/jre --enable-java-home --with-jvm-root-dir=/usr/lib/jvm/java-1.5.0-gcj-4.9-amd64 --with-jvm-jar-dir=/usr/lib/jvm-exports/java-1.5.0-gcj-4.9-amd64 --with-arch-directory=amd64 --with-ecj-jar=/usr/share/java/eclipse-ecj.jar --enable-objc-gc --enable-multiarch --disable-werror --with-arch-32=i686 --with-abi=m64 --with-multilib-list=m32,m64,mx32 --enable-multilib --with-tune=generic --enable-checking=release --build=x86_64-linux-gnu --host=x86_64-linux-gnu --target=x86_64-linux-gnu
Thread model: posix
gcc version 4.9.2 (Ubuntu 4.9.2-10ubuntu13) 
COMPILER_PATH=/usr/lib/gcc/x86_64-linux-gnu/4.9/:/usr/lib/gcc/x86_64-linux-gnu/4.9/:/usr/lib/gcc/x86_64-linux-gnu/:/usr/lib/gcc/x86_64-linux-gnu/4.9/:/usr/lib/gcc/x86_64-linux-gnu/
LIBRARY_PATH=/usr/lib/gcc/x86_64-linux-gnu/4.9/:/usr/lib/gcc/x86_64-linux-gnu/4.9/../../../x86_64-linux-gnu/:/usr/lib/gcc/x86_64-linux-gnu/4.9/../../../../lib/:/lib/x86_64-linux-gnu/:/lib/../lib/:/usr/lib/x86_64-linux-gnu/:/usr/lib/../lib/:/usr/lib/gcc/x86_64-linux-gnu/4.9/../../../:/lib/:/usr/lib/
COLLECT_GCC_OPTIONS='-v' '-o' 'cmTryCompileExec166812643' '-rdynamic' '-mtune=generic' '-march=x86-64'
 /usr/lib/gcc/x86_64-linux-gnu/4.9/collect2 -plugin /usr/lib/gcc/x86_64-linux-gnu/4.9/liblto_plugin.so -plugin-opt=/usr/lib/gcc/x86_64-linux-gnu/4.9/lto-wrapper -plugin-opt=-fresolution=/tmp/ccsb8JeG.res -plugin-opt=-pass-through=-lgcc -plugin-opt=-pass-through=-lgcc_s -plugin-opt=-pass-through=-lc -plugin-opt=-pass-through=-lgcc -plugin-opt=-pass-through=-lgcc_s --sysroot=/ --build-id --eh-frame-hdr -m elf_x86_64 --hash-style=gnu --as-needed -export-dynamic -dynamic-linker /lib64/ld-linux-x86-64.so.2 -z relro -o cmTryCompileExec166812643 /usr/lib/gcc/x86_64-linux-gnu/4.9/../../../x86_64-linux-gnu/crt1.o /usr/lib/gcc/x86_64-linux-gnu/4.9/../../../x86_64-linux-gnu/crti.o /usr/lib/gcc/x86_64-linux-gnu/4.9/crtbegin.o -L/usr/lib/gcc/x86_64-linux-gnu/4.9 -L/usr/lib/gcc/x86_64-linux-gnu/4.9/../../../x86_64-linux-gnu -L/usr/lib/gcc/x86_64-linux-gnu/4.9/../../../../lib -L/lib/x86_64-linux-gnu -L/lib/../lib -L/usr/lib/x86_64-linux-gnu -L/usr/lib/../lib -L/usr/lib/gcc/x86_64-linux-gnu/4.9/../../.. CMakeFiles/cmTryCompileExec166812643.dir/CMakeCCompilerABI.c.o -lgcc --as-needed -lgcc_s --no-as-needed -lc -lgcc --as-needed -lgcc_s --no-as-needed /usr/lib/gcc/x86_64-linux-gnu/4.9/crtend.o /usr/lib/gcc/x86_64-linux-gnu/4.9/../../../x86_64-linux-gnu/crtn.o
make[1]: Leaving directory '/home/james/Documents/TopCoder/Solutions/git/earthquake_forcaster/build-quakePredictor-aws/CMakeFiles/CMakeTmp'


Parsed C implicit link information from above output:
  link line regex: [^( *|.*[/\])(ld|([^/\]+-)?ld|collect2)[^/\]*( |$)]
  ignore line: [Change Dir: /home/james/Documents/TopCoder/Solutions/git/earthquake_forcaster/build-quakePredictor-aws/CMakeFiles/CMakeTmp]
  ignore line: []
  ignore line: [Run Build Command:"/usr/bin/make" "cmTryCompileExec166812643/fast"]
  ignore line: [/usr/bin/make -f CMakeFiles/cmTryCompileExec166812643.dir/build.make CMakeFiles/cmTryCompileExec166812643.dir/build]
  ignore line: [make[1]: Entering directory '/home/james/Documents/TopCoder/Solutions/git/earthquake_forcaster/build-quakePredictor-aws/CMakeFiles/CMakeTmp']
  ignore line: [/usr/local/bin/cmake -E cmake_progress_report /home/james/Documents/TopCoder/Solutions/git/earthquake_forcaster/build-quakePredictor-aws/CMakeFiles/CMakeTmp/CMakeFiles 1]
  ignore line: [Building C object CMakeFiles/cmTryCompileExec166812643.dir/CMakeCCompilerABI.c.o]
  ignore line: [/usr/bin/cc    -o CMakeFiles/cmTryCompileExec166812643.dir/CMakeCCompilerABI.c.o   -c /usr/local/share/cmake-3.2/Modules/CMakeCCompilerABI.c]
  ignore line: [Linking C executable cmTryCompileExec166812643]
  ignore line: [/usr/local/bin/cmake -E cmake_link_script CMakeFiles/cmTryCompileExec166812643.dir/link.txt --verbose=1]
  ignore line: [/usr/bin/cc      -v CMakeFiles/cmTryCompileExec166812643.dir/CMakeCCompilerABI.c.o  -o cmTryCompileExec166812643 -rdynamic  ]
  ignore line: [Using built-in specs.]
  ignore line: [COLLECT_GCC=/usr/bin/cc]
  ignore line: [COLLECT_LTO_WRAPPER=/usr/lib/gcc/x86_64-linux-gnu/4.9/lto-wrapper]
  ignore line: [Target: x86_64-linux-gnu]
  ignore line: [Configured with: ../src/configure -v --with-pkgversion='Ubuntu 4.9.2-10ubuntu13' --with-bugurl=file:///usr/share/doc/gcc-4.9/README.Bugs --enable-languages=c,c++,java,go,d,fortran,objc,obj-c++ --prefix=/usr --program-suffix=-4.9 --enable-shared --enable-linker-build-id --libexecdir=/usr/lib --without-included-gettext --enable-threads=posix --with-gxx-include-dir=/usr/include/c++/4.9 --libdir=/usr/lib --enable-nls --with-sysroot=/ --enable-clocale=gnu --enable-libstdcxx-debug --enable-libstdcxx-time=yes --enable-gnu-unique-object --disable-vtable-verify --enable-plugin --with-system-zlib --disable-browser-plugin --enable-java-awt=gtk --enable-gtk-cairo --with-java-home=/usr/lib/jvm/java-1.5.0-gcj-4.9-amd64/jre --enable-java-home --with-jvm-root-dir=/usr/lib/jvm/java-1.5.0-gcj-4.9-amd64 --with-jvm-jar-dir=/usr/lib/jvm-exports/java-1.5.0-gcj-4.9-amd64 --with-arch-directory=amd64 --with-ecj-jar=/usr/share/java/eclipse-ecj.jar --enable-objc-gc --enable-multiarch --disable-werror --with-arch-32=i686 --with-abi=m64 --with-multilib-list=m32,m64,mx32 --enable-multilib --with-tune=generic --enable-checking=release --build=x86_64-linux-gnu --host=x86_64-linux-gnu --target=x86_64-linux-gnu]
  ignore line: [Thread model: posix]
  ignore line: [gcc version 4.9.2 (Ubuntu 4.9.2-10ubuntu13) ]
  ignore line: [COMPILER_PATH=/usr/lib/gcc/x86_64-linux-gnu/4.9/:/usr/lib/gcc/x86_64-linux-gnu/4.9/:/usr/lib/gcc/x86_64-linux-gnu/:/usr/lib/gcc/x86_64-linux-gnu/4.9/:/usr/lib/gcc/x86_64-linux-gnu/]
  ignore line: [LIBRARY_PATH=/usr/lib/gcc/x86_64-linux-gnu/4.9/:/usr/lib/gcc/x86_64-linux-gnu/4.9/../../../x86_64-linux-gnu/:/usr/lib/gcc/x86_64-linux-gnu/4.9/../../../../lib/:/lib/x86_64-linux-gnu/:/lib/../lib/:/usr/lib/x86_64-linux-gnu/:/usr/lib/../lib/:/usr/lib/gcc/x86_64-linux-gnu/4.9/../../../:/lib/:/usr/lib/]
  ignore line: [COLLECT_GCC_OPTIONS='-v' '-o' 'cmTryCompileExec166812643' '-rdynamic' '-mtune=generic' '-march=x86-64']
  link line: [ /usr/lib/gcc/x86_64-linux-gnu/4.9/collect2 -plugin /usr/lib/gcc/x86_64-linux-gnu/4.9/liblto_plugin.so -plugin-opt=/usr/lib/gcc/x86_64-linux-gnu/4.9/lto-wrapper -plugin-opt=-fresolution=/tmp/ccsb8JeG.res -plugin-opt=-pass-through=-lgcc -plugin-opt=-pass-through=-lgcc_s -plugin-opt=-pass-through=-lc -plugin-opt=-pass-through=-lgcc -plugin-opt=-pass-through=-lgcc_s --sysroot=/ --build-id --eh-frame-hdr -m elf_x86_64 --hash-style=gnu --as-needed -export-dynamic -dynamic-linker /lib64/ld-linux-x86-64.so.2 -z relro -o cmTryCompileExec166812643 /usr/lib/gcc/x86_64-linux-gnu/4.9/../../../x86_64-linux-gnu/crt1.o /usr/lib/gcc/x86_64-linux-gnu/4.9/../../../x86_64-linux-gnu/crti.o /usr/lib/gcc/x86_64-linux-gnu/4.9/crtbegin.o -L/usr/lib/gcc/x86_64-linux-gnu/4.9 -L/usr/lib/gcc/x86_64-linux-gnu/4.9/../../../x86_64-linux-gnu -L/usr/lib/gcc/x86_64-linux-gnu/4.9/../../../../lib -L/lib/x86_64-linux-gnu -L/lib/../lib -L/usr/lib/x86_64-linux-gnu -L/usr/lib/../lib -L/usr/lib/gcc/x86_64-linux-gnu/4.9/../../.. CMakeFiles/cmTryCompileExec166812643.dir/CMakeCCompilerABI.c.o -lgcc --as-needed -lgcc_s --no-as-needed -lc -lgcc --as-needed -lgcc_s --no-as-needed /usr/lib/gcc/x86_64-linux-gnu/4.9/crtend.o /usr/lib/gcc/x86_64-linux-gnu/4.9/../../../x86_64-linux-gnu/crtn.o]
    arg [/usr/lib/gcc/x86_64-linux-gnu/4.9/collect2] ==> ignore
    arg [-plugin] ==> ignore
    arg [/usr/lib/gcc/x86_64-linux-gnu/4.9/liblto_plugin.so] ==> ignore
    arg [-plugin-opt=/usr/lib/gcc/x86_64-linux-gnu/4.9/lto-wrapper] ==> ignore
    arg [-plugin-opt=-fresolution=/tmp/ccsb8JeG.res] ==> ignore
    arg [-plugin-opt=-pass-through=-lgcc] ==> ignore
    arg [-plugin-opt=-pass-through=-lgcc_s] ==> ignore
    arg [-plugin-opt=-pass-through=-lc] ==> ignore
    arg [-plugin-opt=-pass-through=-lgcc] ==> ignore
    arg [-plugin-opt=-pass-through=-lgcc_s] ==> ignore
    arg [--sysroot=/] ==> ignore
    arg [--build-id] ==> ignore
    arg [--eh-frame-hdr] ==> ignore
    arg [-m] ==> ignore
    arg [elf_x86_64] ==> ignore
    arg [--hash-style=gnu] ==> ignore
    arg [--as-needed] ==> ignore
    arg [-export-dynamic] ==> ignore
    arg [-dynamic-linker] ==> ignore
    arg [/lib64/ld-linux-x86-64.so.2] ==> ignore
    arg [-zrelro] ==> ignore
    arg [-o] ==> ignore
    arg [cmTryCompileExec166812643] ==> ignore
    arg [/usr/lib/gcc/x86_64-linux-gnu/4.9/../../../x86_64-linux-gnu/crt1.o] ==> ignore
    arg [/usr/lib/gcc/x86_64-linux-gnu/4.9/../../../x86_64-linux-gnu/crti.o] ==> ignore
    arg [/usr/lib/gcc/x86_64-linux-gnu/4.9/crtbegin.o] ==> ignore
    arg [-L/usr/lib/gcc/x86_64-linux-gnu/4.9] ==> dir [/usr/lib/gcc/x86_64-linux-gnu/4.9]
    arg [-L/usr/lib/gcc/x86_64-linux-gnu/4.9/../../../x86_64-linux-gnu] ==> dir [/usr/lib/gcc/x86_64-linux-gnu/4.9/../../../x86_64-linux-gnu]
    arg [-L/usr/lib/gcc/x86_64-linux-gnu/4.9/../../../../lib] ==> dir [/usr/lib/gcc/x86_64-linux-gnu/4.9/../../../../lib]
    arg [-L/lib/x86_64-linux-gnu] ==> dir [/lib/x86_64-linux-gnu]
    arg [-L/lib/../lib] ==> dir [/lib/../lib]
    arg [-L/usr/lib/x86_64-linux-gnu] ==> dir [/usr/lib/x86_64-linux-gnu]
    arg [-L/usr/lib/../lib] ==> dir [/usr/lib/../lib]
    arg [-L/usr/lib/gcc/x86_64-linux-gnu/4.9/../../..] ==> dir [/usr/lib/gcc/x86_64-linux-gnu/4.9/../../..]
    arg [CMakeFiles/cmTryCompileExec166812643.dir/CMakeCCompilerABI.c.o] ==> ignore
    arg [-lgcc] ==> lib [gcc]
    arg [--as-needed] ==> ignore
    arg [-lgcc_s] ==> lib [gcc_s]
    arg [--no-as-needed] ==> ignore
    arg [-lc] ==> lib [c]
    arg [-lgcc] ==> lib [gcc]
    arg [--as-needed] ==> ignore
    arg [-lgcc_s] ==> lib [gcc_s]
    arg [--no-as-needed] ==> ignore
    arg [/usr/lib/gcc/x86_64-linux-gnu/4.9/crtend.o] ==> ignore
    arg [/usr/lib/gcc/x86_64-linux-gnu/4.9/../../../x86_64-linux-gnu/crtn.o] ==> ignore
  remove lib [gcc]
  remove lib [gcc_s]
  remove lib [gcc]
  remove lib [gcc_s]
  collapse library dir [/usr/lib/gcc/x86_64-linux-gnu/4.9] ==> [/usr/lib/gcc/x86_64-linux-gnu/4.9]
  collapse library dir [/usr/lib/gcc/x86_64-linux-gnu/4.9/../../../x86_64-linux-gnu] ==> [/usr/lib/x86_64-linux-gnu]
  collapse library dir [/usr/lib/gcc/x86_64-linux-gnu/4.9/../../../../lib] ==> [/usr/lib]
  collapse library dir [/lib/x86_64-linux-gnu] ==> [/lib/x86_64-linux-gnu]
  collapse library dir [/lib/../lib] ==> [/lib]
  collapse library dir [/usr/lib/x86_64-linux-gnu] ==> [/usr/lib/x86_64-linux-gnu]
  collapse library dir [/usr/lib/../lib] ==> [/usr/lib]
  collapse library dir [/usr/lib/gcc/x86_64-linux-gnu/4.9/../../..] ==> [/usr/lib]
  implicit libs: [c]
  implicit dirs: [/usr/lib/gcc/x86_64-linux-gnu/4.9;/usr/lib/x86_64-linux-gnu;/usr/lib;/lib/x86_64-linux-gnu;/lib]
  implicit fwks: []




Detecting C [-std=c11] compiler features compiled with the following output:
Change Dir: /home/james/Documents/TopCoder/Solutions/git/earthquake_forcaster/build-quakePredictor-aws/CMakeFiles/CMakeTmp

Run Build Command:"/usr/bin/make" "cmTryCompileExec3379443975/fast"
/usr/bin/make -f CMakeFiles/cmTryCompileExec3379443975.dir/build.make CMakeFiles/cmTryCompileExec3379443975.dir/build
make[1]: Entering directory '/home/james/Documents/TopCoder/Solutions/git/earthquake_forcaster/build-quakePredictor-aws/CMakeFiles/CMakeTmp'
/usr/local/bin/cmake -E cmake_progress_report /home/james/Documents/TopCoder/Solutions/git/earthquake_forcaster/build-quakePredictor-aws/CMakeFiles/CMakeTmp/CMakeFiles 1
Building C object CMakeFiles/cmTryCompileExec3379443975.dir/feature_tests.c.o
/usr/bin/cc   -std=c11 -o CMakeFiles/cmTryCompileExec3379443975.dir/feature_tests.c.o   -c /home/james/Documents/TopCoder/Solutions/git/earthquake_forcaster/build-quakePredictor-aws/CMakeFiles/feature_tests.c
Linking C executable cmTryCompileExec3379443975
/usr/local/bin/cmake -E cmake_link_script CMakeFiles/cmTryCompileExec3379443975.dir/link.txt --verbose=1
/usr/bin/cc       CMakeFiles/cmTryCompileExec3379443975.dir/feature_tests.c.o  -o cmTryCompileExec3379443975 -rdynamic 
make[1]: Leaving directory '/home/james/Documents/TopCoder/Solutions/git/earthquake_forcaster/build-quakePredictor-aws/CMakeFiles/CMakeTmp'


    Feature record: C_FEATURE:1c_function_prototypes
    Feature record: C_FEATURE:1c_restrict
    Feature record: C_FEATURE:1c_static_assert
    Feature record: C_FEATURE:1c_variadic_macros


Detecting C [-std=c99] compiler features compiled with the following output:
Change Dir: /home/james/Documents/TopCoder/Solutions/git/earthquake_forcaster/build-quakePredictor-aws/CMakeFiles/CMakeTmp

Run Build Command:"/usr/bin/make" "cmTryCompileExec3931586972/fast"
/usr/bin/make -f CMakeFiles/cmTryCompileExec3931586972.dir/build.make CMakeFiles/cmTryCompileExec3931586972.dir/build
make[1]: Entering directory '/home/james/Documents/TopCoder/Solutions/git/earthquake_forcaster/build-quakePredictor-aws/CMakeFiles/CMakeTmp'
/usr/local/bin/cmake -E cmake_progress_report /home/james/Documents/TopCoder/Solutions/git/earthquake_forcaster/build-quakePredictor-aws/CMakeFiles/CMakeTmp/CMakeFiles 1
Building C object CMakeFiles/cmTryCompileExec3931586972.dir/feature_tests.c.o
/usr/bin/cc   -std=c99 -o CMakeFiles/cmTryCompileExec3931586972.dir/feature_tests.c.o   -c /home/james/Documents/TopCoder/Solutions/git/earthquake_forcaster/build-quakePredictor-aws/CMakeFiles/feature_tests.c
Linking C executable cmTryCompileExec3931586972
/usr/local/bin/cmake -E cmake_link_script CMakeFiles/cmTryCompileExec3931586972.dir/link.txt --verbose=1
/usr/bin/cc       CMakeFiles/cmTryCompileExec3931586972.dir/feature_tests.c.o  -o cmTryCompileExec3931586972 -rdynamic 
make[1]: Leaving directory '/home/james/Documents/TopCoder/Solutions/git/earthquake_forcaster/build-quakePredictor-aws/CMakeFiles/CMakeTmp'


    Feature record: C_FEATURE:1c_function_prototypes
    Feature record: C_FEATURE:1c_restrict
    Feature record: C_FEATURE:0c_static_assert
    Feature record: C_FEATURE:1c_variadic_macros


Detecting C [-std=c90] compiler features compiled with the following output:
Change Dir: /home/james/Documents/TopCoder/Solutions/git/earthquake_forcaster/build-quakePredictor-aws/CMakeFiles/CMakeTmp

Run Build Command:"/usr/bin/make" "cmTryCompileExec3009376444/fast"
/usr/bin/make -f CMakeFiles/cmTryCompileExec3009376444.dir/build.make CMakeFiles/cmTryCompileExec3009376444.dir/build
make[1]: Entering directory '/home/james/Documents/TopCoder/Solutions/git/earthquake_forcaster/build-quakePredictor-aws/CMakeFiles/CMakeTmp'
/usr/local/bin/cmake -E cmake_progress_report /home/james/Documents/TopCoder/Solutions/git/earthquake_forcaster/build-quakePredictor-aws/CMakeFiles/CMakeTmp/CMakeFiles 1
Building C object CMakeFiles/cmTryCompileExec3009376444.dir/feature_tests.c.o
/usr/bin/cc   -std=c90 -o CMakeFiles/cmTryCompileExec3009376444.dir/feature_tests.c.o   -c /home/james/Documents/TopCoder/Solutions/git/earthquake_forcaster/build-quakePredictor-aws/CMakeFiles/feature_tests.c
Linking C executable cmTryCompileExec3009376444
/usr/local/bin/cmake -E cmake_link_script CMakeFiles/cmTryCompileExec3009376444.dir/link.txt --verbose=1
/usr/bin/cc       CMakeFiles/cmTryCompileExec3009376444.dir/feature_tests.c.o  -o cmTryCompileExec3009376444 -rdynamic 
make[1]: Leaving directory '/home/james/Documents/TopCoder/Solutions/git/earthquake_forcaster/build-quakePredictor-aws/CMakeFiles/CMakeTmp'


    Feature record: C_FEATURE:1c_function_prototypes
    Feature record: C_FEATURE:0c_restrict
    Feature record: C_FEATURE:0c_static_assert
    Feature record: C_FEATURE:0c_variadic_macros
Determining if the CXX compiler works passed with the following output:
Change Dir: /home/james/Documents/TopCoder/Solutions/git/earthquake_forcaster/build-quakePredictor-aws/CMakeFiles/CMakeTmp

Run Build Command:"/usr/bin/make" "cmTryCompileExec781362502/fast"
/usr/bin/make -f CMakeFiles/cmTryCompileExec781362502.dir/build.make CMakeFiles/cmTryCompileExec781362502.dir/build
make[1]: Entering directory '/home/james/Documents/TopCoder/Solutions/git/earthquake_forcaster/build-quakePredictor-aws/CMakeFiles/CMakeTmp'
/usr/local/bin/cmake -E cmake_progress_report /home/james/Documents/TopCoder/Solutions/git/earthquake_forcaster/build-quakePredictor-aws/CMakeFiles/CMakeTmp/CMakeFiles 1
Building CXX object CMakeFiles/cmTryCompileExec781362502.dir/testCXXCompiler.cxx.o
/usr/bin/c++     -o CMakeFiles/cmTryCompileExec781362502.dir/testCXXCompiler.cxx.o -c /home/james/Documents/TopCoder/Solutions/git/earthquake_forcaster/build-quakePredictor-aws/CMakeFiles/CMakeTmp/testCXXCompiler.cxx
Linking CXX executable cmTryCompileExec781362502
/usr/local/bin/cmake -E cmake_link_script CMakeFiles/cmTryCompileExec781362502.dir/link.txt --verbose=1
/usr/bin/c++        CMakeFiles/cmTryCompileExec781362502.dir/testCXXCompiler.cxx.o  -o cmTryCompileExec781362502 -rdynamic 
make[1]: Leaving directory '/home/james/Documents/TopCoder/Solutions/git/earthquake_forcaster/build-quakePredictor-aws/CMakeFiles/CMakeTmp'


Detecting CXX compiler ABI info compiled with the following output:
Change Dir: /home/james/Documents/TopCoder/Solutions/git/earthquake_forcaster/build-quakePredictor-aws/CMakeFiles/CMakeTmp

Run Build Command:"/usr/bin/make" "cmTryCompileExec2685682374/fast"
/usr/bin/make -f CMakeFiles/cmTryCompileExec2685682374.dir/build.make CMakeFiles/cmTryCompileExec2685682374.dir/build
make[1]: Entering directory '/home/james/Documents/TopCoder/Solutions/git/earthquake_forcaster/build-quakePredictor-aws/CMakeFiles/CMakeTmp'
/usr/local/bin/cmake -E cmake_progress_report /home/james/Documents/TopCoder/Solutions/git/earthquake_forcaster/build-quakePredictor-aws/CMakeFiles/CMakeTmp/CMakeFiles 1
Building CXX object CMakeFiles/cmTryCompileExec2685682374.dir/CMakeCXXCompilerABI.cpp.o
/usr/bin/c++     -o CMakeFiles/cmTryCompileExec2685682374.dir/CMakeCXXCompilerABI.cpp.o -c /usr/local/share/cmake-3.2/Modules/CMakeCXXCompilerABI.cpp
Linking CXX executable cmTryCompileExec2685682374
/usr/local/bin/cmake -E cmake_link_script CMakeFiles/cmTryCompileExec2685682374.dir/link.txt --verbose=1
/usr/bin/c++       -v CMakeFiles/cmTryCompileExec2685682374.dir/CMakeCXXCompilerABI.cpp.o  -o cmTryCompileExec2685682374 -rdynamic  
Using built-in specs.
COLLECT_GCC=/usr/bin/c++
COLLECT_LTO_WRAPPER=/usr/lib/gcc/x86_64-linux-gnu/4.9/lto-wrapper
Target: x86_64-linux-gnu
Configured with: ../src/configure -v --with-pkgversion='Ubuntu 4.9.2-10ubuntu13' --with-bugurl=file:///usr/share/doc/gcc-4.9/README.Bugs --enable-languages=c,c++,java,go,d,fortran,objc,obj-c++ --prefix=/usr --program-suffix=-4.9 --enable-shared --enable-linker-build-id --libexecdir=/usr/lib --without-included-gettext --enable-threads=posix --with-gxx-include-dir=/usr/include/c++/4.9 --libdir=/usr/lib --enable-nls --with-sysroot=/ --enable-clocale=gnu --enable-libstdcxx-debug --enable-libstdcxx-time=yes --enable-gnu-unique-object --disable-vtable-verify --enable-plugin --with-system-zlib --disable-browser-plugin --enable-java-awt=gtk --enable-gtk-cairo --with-java-home=/usr/lib/jvm/java-1.5.0-gcj-4.9-amd64/jre --enable-java-home --with-jvm-root-dir=/usr/lib/jvm/java-1.5.0-gcj-4.9-amd64 --with-jvm-jar-dir=/usr/lib/jvm-exports/java-1.5.0-gcj-4.9-amd64 --with-arch-directory=amd64 --with-ecj-jar=/usr/share/java/eclipse-ecj.jar --enable-objc-gc --enable-multiarch --disable-werror --with-arch-32=i686 --with-abi=m64 --with-multilib-list=m32,m64,mx32 --enable-multilib --with-tune=generic --enable-checking=release --build=x86_64-linux-gnu --host=x86_64-linux-gnu --target=x86_64-linux-gnu
Thread model: posix
gcc version 4.9.2 (Ubuntu 4.9.2-10ubuntu13) 
COMPILER_PATH=/usr/lib/gcc/x86_64-linux-gnu/4.9/:/usr/lib/gcc/x86_64-linux-gnu/4.9/:/usr/lib/gcc/x86_64-linux-gnu/:/usr/lib/gcc/x86_64-linux-gnu/4.9/:/usr/lib/gcc/x86_64-linux-gnu/
LIBRARY_PATH=/usr/lib/gcc/x86_64-linux-gnu/4.9/:/usr/lib/gcc/x86_64-linux-gnu/4.9/../../../x86_64-linux-gnu/:/usr/lib/gcc/x86_64-linux-gnu/4.9/../../../../lib/:/lib/x86_64-linux-gnu/:/lib/../lib/:/usr/lib/x86_64-linux-gnu/:/usr/lib/../lib/:/usr/lib/gcc/x86_64-linux-gnu/4.9/../../../:/lib/:/usr/lib/
COLLECT_GCC_OPTIONS='-v' '-o' 'cmTryCompileExec2685682374' '-rdynamic' '-shared-libgcc' '-mtune=generic' '-march=x86-64'
 /usr/lib/gcc/x86_64-linux-gnu/4.9/collect2 -plugin /usr/lib/gcc/x86_64-linux-gnu/4.9/liblto_plugin.so -plugin-opt=/usr/lib/gcc/x86_64-linux-gnu/4.9/lto-wrapper -plugin-opt=-fresolution=/tmp/ccg90tZf.res -plugin-opt=-pass-through=-lgcc_s -plugin-opt=-pass-through=-lgcc -plugin-opt=-pass-through=-lc -plugin-opt=-pass-through=-lgcc_s -plugin-opt=-pass-through=-lgcc --sysroot=/ --build-id --eh-frame-hdr -m elf_x86_64 --hash-style=gnu --as-needed -export-dynamic -dynamic-linker /lib64/ld-linux-x86-64.so.2 -z relro -o cmTryCompileExec2685682374 /usr/lib/gcc/x86_64-linux-gnu/4.9/../../../x86_64-linux-gnu/crt1.o /usr/lib/gcc/x86_64-linux-gnu/4.9/../../../x86_64-linux-gnu/crti.o /usr/lib/gcc/x86_64-linux-gnu/4.9/crtbegin.o -L/usr/lib/gcc/x86_64-linux-gnu/4.9 -L/usr/lib/gcc/x86_64-linux-gnu/4.9/../../../x86_64-linux-gnu -L/usr/lib/gcc/x86_64-linux-gnu/4.9/../../../../lib -L/lib/x86_64-linux-gnu -L/lib/../lib -L/usr/lib/x86_64-linux-gnu -L/usr/lib/../lib -L/usr/lib/gcc/x86_64-linux-gnu/4.9/../../.. CMakeFiles/cmTryCompileExec2685682374.dir/CMakeCXXCompilerABI.cpp.o -lstdc++ -lm -lgcc_s -lgcc -lc -lgcc_s -lgcc /usr/lib/gcc/x86_64-linux-gnu/4.9/crtend.o /usr/lib/gcc/x86_64-linux-gnu/4.9/../../../x86_64-linux-gnu/crtn.o
make[1]: Leaving directory '/home/james/Documents/TopCoder/Solutions/git/earthquake_forcaster/build-quakePredictor-aws/CMakeFiles/CMakeTmp'


Parsed CXX implicit link information from above output:
  link line regex: [^( *|.*[/\])(ld|([^/\]+-)?ld|collect2)[^/\]*( |$)]
  ignore line: [Change Dir: /home/james/Documents/TopCoder/Solutions/git/earthquake_forcaster/build-quakePredictor-aws/CMakeFiles/CMakeTmp]
  ignore line: []
  ignore line: [Run Build Command:"/usr/bin/make" "cmTryCompileExec2685682374/fast"]
  ignore line: [/usr/bin/make -f CMakeFiles/cmTryCompileExec2685682374.dir/build.make CMakeFiles/cmTryCompileExec2685682374.dir/build]
  ignore line: [make[1]: Entering directory '/home/james/Documents/TopCoder/Solutions/git/earthquake_forcaster/build-quakePredictor-aws/CMakeFiles/CMakeTmp']
  ignore line: [/usr/local/bin/cmake -E cmake_progress_report /home/james/Documents/TopCoder/Solutions/git/earthquake_forcaster/build-quakePredictor-aws/CMakeFiles/CMakeTmp/CMakeFiles 1]
  ignore line: [Building CXX object CMakeFiles/cmTryCompileExec2685682374.dir/CMakeCXXCompilerABI.cpp.o]
  ignore line: [/usr/bin/c++     -o CMakeFiles/cmTryCompileExec2685682374.dir/CMakeCXXCompilerABI.cpp.o -c /usr/local/share/cmake-3.2/Modules/CMakeCXXCompilerABI.cpp]
  ignore line: [Linking CXX executable cmTryCompileExec2685682374]
  ignore line: [/usr/local/bin/cmake -E cmake_link_script CMakeFiles/cmTryCompileExec2685682374.dir/link.txt --verbose=1]
  ignore line: [/usr/bin/c++       -v CMakeFiles/cmTryCompileExec2685682374.dir/CMakeCXXCompilerABI.cpp.o  -o cmTryCompileExec2685682374 -rdynamic  ]
  ignore line: [Using built-in specs.]
  ignore line: [COLLECT_GCC=/usr/bin/c++]
  ignore line: [COLLECT_LTO_WRAPPER=/usr/lib/gcc/x86_64-linux-gnu/4.9/lto-wrapper]
  ignore line: [Target: x86_64-linux-gnu]
  ignore line: [Configured with: ../src/configure -v --with-pkgversion='Ubuntu 4.9.2-10ubuntu13' --with-bugurl=file:///usr/share/doc/gcc-4.9/README.Bugs --enable-languages=c,c++,java,go,d,fortran,objc,obj-c++ --prefix=/usr --program-suffix=-4.9 --enable-shared --enable-linker-build-id --libexecdir=/usr/lib --without-included-gettext --enable-threads=posix --with-gxx-include-dir=/usr/include/c++/4.9 --libdir=/usr/lib --enable-nls --with-sysroot=/ --enable-clocale=gnu --enable-libstdcxx-debug --enable-libstdcxx-time=yes --enable-gnu-unique-object --disable-vtable-verify --enable-plugin --with-system-zlib --disable-browser-plugin --enable-java-awt=gtk --enable-gtk-cairo --with-java-home=/usr/lib/jvm/java-1.5.0-gcj-4.9-amd64/jre --enable-java-home --with-jvm-root-dir=/usr/lib/jvm/java-1.5.0-gcj-4.9-amd64 --with-jvm-jar-dir=/usr/lib/jvm-exports/java-1.5.0-gcj-4.9-amd64 --with-arch-directory=amd64 --with-ecj-jar=/usr/share/java/eclipse-ecj.jar --enable-objc-gc --enable-multiarch --disable-werror --with-arch-32=i686 --with-abi=m64 --with-multilib-list=m32,m64,mx32 --enable-multilib --with-tune=generic --enable-checking=release --build=x86_64-linux-gnu --host=x86_64-linux-gnu --target=x86_64-linux-gnu]
  ignore line: [Thread model: posix]
  ignore line: [gcc version 4.9.2 (Ubuntu 4.9.2-10ubuntu13) ]
  ignore line: [COMPILER_PATH=/usr/lib/gcc/x86_64-linux-gnu/4.9/:/usr/lib/gcc/x86_64-linux-gnu/4.9/:/usr/lib/gcc/x86_64-linux-gnu/:/usr/lib/gcc/x86_64-linux-gnu/4.9/:/usr/lib/gcc/x86_64-linux-gnu/]
  ignore line: [LIBRARY_PATH=/usr/lib/gcc/x86_64-linux-gnu/4.9/:/usr/lib/gcc/x86_64-linux-gnu/4.9/../../../x86_64-linux-gnu/:/usr/lib/gcc/x86_64-linux-gnu/4.9/../../../../lib/:/lib/x86_64-linux-gnu/:/lib/../lib/:/usr/lib/x86_64-linux-gnu/:/usr/lib/../lib/:/usr/lib/gcc/x86_64-linux-gnu/4.9/../../../:/lib/:/usr/lib/]
  ignore line: [COLLECT_GCC_OPTIONS='-v' '-o' 'cmTryCompileExec2685682374' '-rdynamic' '-shared-libgcc' '-mtune=generic' '-march=x86-64']
  link line: [ /usr/lib/gcc/x86_64-linux-gnu/4.9/collect2 -plugin /usr/lib/gcc/x86_64-linux-gnu/4.9/liblto_plugin.so -plugin-opt=/usr/lib/gcc/x86_64-linux-gnu/4.9/lto-wrapper -plugin-opt=-fresolution=/tmp/ccg90tZf.res -plugin-opt=-pass-through=-lgcc_s -plugin-opt=-pass-through=-lgcc -plugin-opt=-pass-through=-lc -plugin-opt=-pass-through=-lgcc_s -plugin-opt=-pass-through=-lgcc --sysroot=/ --build-id --eh-frame-hdr -m elf_x86_64 --hash-style=gnu --as-needed -export-dynamic -dynamic-linker /lib64/ld-linux-x86-64.so.2 -z relro -o cmTryCompileExec2685682374 /usr/lib/gcc/x86_64-linux-gnu/4.9/../../../x86_64-linux-gnu/crt1.o /usr/lib/gcc/x86_64-linux-gnu/4.9/../../../x86_64-linux-gnu/crti.o /usr/lib/gcc/x86_64-linux-gnu/4.9/crtbegin.o -L/usr/lib/gcc/x86_64-linux-gnu/4.9 -L/usr/lib/gcc/x86_64-linux-gnu/4.9/../../../x86_64-linux-gnu -L/usr/lib/gcc/x86_64-linux-gnu/4.9/../../../../lib -L/lib/x86_64-linux-gnu -L/lib/../lib -L/usr/lib/x86_64-linux-gnu -L/usr/lib/../lib -L/usr/lib/gcc/x86_64-linux-gnu/4.9/../../.. CMakeFiles/cmTryCompileExec2685682374.dir/CMakeCXXCompilerABI.cpp.o -lstdc++ -lm -lgcc_s -lgcc -lc -lgcc_s -lgcc /usr/lib/gcc/x86_64-linux-gnu/4.9/crtend.o /usr/lib/gcc/x86_64-linux-gnu/4.9/../../../x86_64-linux-gnu/crtn.o]
    arg [/usr/lib/gcc/x86_64-linux-gnu/4.9/collect2] ==> ignore
    arg [-plugin] ==> ignore
    arg [/usr/lib/gcc/x86_64-linux-gnu/4.9/liblto_plugin.so] ==> ignore
    arg [-plugin-opt=/usr/lib/gcc/x86_64-linux-gnu/4.9/lto-wrapper] ==> ignore
    arg [-plugin-opt=-fresolution=/tmp/ccg90tZf.res] ==> ignore
    arg [-plugin-opt=-pass-through=-lgcc_s] ==> ignore
    arg [-plugin-opt=-pass-through=-lgcc] ==> ignore
    arg [-plugin-opt=-pass-through=-lc] ==> ignore
    arg [-plugin-opt=-pass-through=-lgcc_s] ==> ignore
    arg [-plugin-opt=-pass-through=-lgcc] ==> ignore
    arg [--sysroot=/] ==> ignore
    arg [--build-id] ==> ignore
    arg [--eh-frame-hdr] ==> ignore
    arg [-m] ==> ignore
    arg [elf_x86_64] ==> ignore
    arg [--hash-style=gnu] ==> ignore
    arg [--as-needed] ==> ignore
    arg [-export-dynamic] ==> ignore
    arg [-dynamic-linker] ==> ignore
    arg [/lib64/ld-linux-x86-64.so.2] ==> ignore
    arg [-zrelro] ==> ignore
    arg [-o] ==> ignore
    arg [cmTryCompileExec2685682374] ==> ignore
    arg [/usr/lib/gcc/x86_64-linux-gnu/4.9/../../../x86_64-linux-gnu/crt1.o] ==> ignore
    arg [/usr/lib/gcc/x86_64-linux-gnu/4.9/../../../x86_64-linux-gnu/crti.o] ==> ignore
    arg [/usr/lib/gcc/x86_64-linux-gnu/4.9/crtbegin.o] ==> ignore
    arg [-L/usr/lib/gcc/x86_64-linux-gnu/4.9] ==> dir [/usr/lib/gcc/x86_64-linux-gnu/4.9]
    arg [-L/usr/lib/gcc/x86_64-linux-gnu/4.9/../../../x86_64-linux-gnu] ==> dir [/usr/lib/gcc/x86_64-linux-gnu/4.9/../../../x86_64-linux-gnu]
    arg [-L/usr/lib/gcc/x86_64-linux-gnu/4.9/../../../../lib] ==> dir [/usr/lib/gcc/x86_64-linux-gnu/4.9/../../../../lib]
    arg [-L/lib/x86_64-linux-gnu] ==> dir [/lib/x86_64-linux-gnu]
    arg [-L/lib/../lib] ==> dir [/lib/../lib]
    arg [-L/usr/lib/x86_64-linux-gnu] ==> dir [/usr/lib/x86_64-linux-gnu]
    arg [-L/usr/lib/../lib] ==> dir [/usr/lib/../lib]
    arg [-L/usr/lib/gcc/x86_64-linux-gnu/4.9/../../..] ==> dir [/usr/lib/gcc/x86_64-linux-gnu/4.9/../../..]
    arg [CMakeFiles/cmTryCompileExec2685682374.dir/CMakeCXXCompilerABI.cpp.o] ==> ignore
    arg [-lstdc++] ==> lib [stdc++]
    arg [-lm] ==> lib [m]
    arg [-lgcc_s] ==> lib [gcc_s]
    arg [-lgcc] ==> lib [gcc]
    arg [-lc] ==> lib [c]
    arg [-lgcc_s] ==> lib [gcc_s]
    arg [-lgcc] ==> lib [gcc]
    arg [/usr/lib/gcc/x86_64-linux-gnu/4.9/crtend.o] ==> ignore
    arg [/usr/lib/gcc/x86_64-linux-gnu/4.9/../../../x86_64-linux-gnu/crtn.o] ==> ignore
  remove lib [gcc_s]
  remove lib [gcc]
  remove lib [gcc_s]
  remove lib [gcc]
  collapse library dir [/usr/lib/gcc/x86_64-linux-gnu/4.9] ==> [/usr/lib/gcc/x86_64-linux-gnu/4.9]
  collapse library dir [/usr/lib/gcc/x86_64-linux-gnu/4.9/../../../x86_64-linux-gnu] ==> [/usr/lib/x86_64-linux-gnu]
  collapse library dir [/usr/lib/gcc/x86_64-linux-gnu/4.9/../../../../lib] ==> [/usr/lib]
  collapse library dir [/lib/x86_64-linux-gnu] ==> [/lib/x86_64-linux-gnu]
  collapse library dir [/lib/../lib] ==> [/lib]
  collapse library dir [/usr/lib/x86_64-linux-gnu] ==> [/usr/lib/x86_64-linux-gnu]
  collapse library dir [/usr/lib/../lib] ==> [/usr/lib]
  collapse library dir [/usr/lib/gcc/x86_64-linux-gnu/4.9/../../..] ==> [/usr/lib]
  implicit libs: [stdc++;m;c]
  implicit dirs: [/usr/lib/gcc/x86_64-linux-gnu/4.9;/usr/lib/x86_64-linux-gnu;/usr/lib;/lib/x86_64-linux-gnu;/lib]
  implicit fwks: []




Detecting CXX [-std=c++14] compiler features compiled with the following output:
Change Dir: /home/james/Documents/TopCoder/Solutions/git/earthquake_forcaster/build-quakePredictor-aws/CMakeFiles/CMakeTmp

Run Build Command:"/usr/bin/make" "cmTryCompileExec3946251052/fast"
/usr/bin/make -f CMakeFiles/cmTryCompileExec3946251052.dir/build.make CMakeFiles/cmTryCompileExec3946251052.dir/build
make[1]: Entering directory '/home/james/Documents/TopCoder/Solutions/git/earthquake_forcaster/build-quakePredictor-aws/CMakeFiles/CMakeTmp'
/usr/local/bin/cmake -E cmake_progress_report /home/james/Documents/TopCoder/Solutions/git/earthquake_forcaster/build-quakePredictor-aws/CMakeFiles/CMakeTmp/CMakeFiles 1
Building CXX object CMakeFiles/cmTryCompileExec3946251052.dir/feature_tests.cxx.o
/usr/bin/c++    -std=c++14 -o CMakeFiles/cmTryCompileExec3946251052.dir/feature_tests.cxx.o -c /home/james/Documents/TopCoder/Solutions/git/earthquake_forcaster/build-quakePredictor-aws/CMakeFiles/feature_tests.cxx
Linking CXX executable cmTryCompileExec3946251052
/usr/local/bin/cmake -E cmake_link_script CMakeFiles/cmTryCompileExec3946251052.dir/link.txt --verbose=1
/usr/bin/c++        CMakeFiles/cmTryCompileExec3946251052.dir/feature_tests.cxx.o  -o cmTryCompileExec3946251052 -rdynamic 
make[1]: Leaving directory '/home/james/Documents/TopCoder/Solutions/git/earthquake_forcaster/build-quakePredictor-aws/CMakeFiles/CMakeTmp'


    Feature record: CXX_FEATURE:0cxx_aggregate_default_initializers
    Feature record: CXX_FEATURE:1cxx_alias_templates
    Feature record: CXX_FEATURE:1cxx_alignas
    Feature record: CXX_FEATURE:1cxx_alignof
    Feature record: CXX_FEATURE:1cxx_attributes
    Feature record: CXX_FEATURE:1cxx_attribute_deprecated
    Feature record: CXX_FEATURE:1cxx_auto_type
    Feature record: CXX_FEATURE:1cxx_binary_literals
    Feature record: CXX_FEATURE:1cxx_constexpr
    Feature record: CXX_FEATURE:1cxx_contextual_conversions
    Feature record: CXX_FEATURE:1cxx_decltype
    Feature record: CXX_FEATURE:1cxx_decltype_auto
    Feature record: CXX_FEATURE:1cxx_decltype_incomplete_return_types
    Feature record: CXX_FEATURE:1cxx_default_function_template_args
    Feature record: CXX_FEATURE:1cxx_defaulted_functions
    Feature record: CXX_FEATURE:1cxx_defaulted_move_initializers
    Feature record: CXX_FEATURE:1cxx_delegating_constructors
    Feature record: CXX_FEATURE:1cxx_deleted_functions
    Feature record: CXX_FEATURE:1cxx_digit_separators
    Feature record: CXX_FEATURE:1cxx_enum_forward_declarations
    Feature record: CXX_FEATURE:1cxx_explicit_conversions
    Feature record: CXX_FEATURE:1cxx_extended_friend_declarations
    Feature record: CXX_FEATURE:1cxx_extern_templates
    Feature record: CXX_FEATURE:1cxx_final
    Feature record: CXX_FEATURE:1cxx_func_identifier
    Feature record: CXX_FEATURE:1cxx_generalized_initializers
    Feature record: CXX_FEATURE:1cxx_generic_lambdas
    Feature record: CXX_FEATURE:1cxx_inheriting_constructors
    Feature record: CXX_FEATURE:1cxx_inline_namespaces
    Feature record: CXX_FEATURE:1cxx_lambdas
    Feature record: CXX_FEATURE:1cxx_lambda_init_captures
    Feature record: CXX_FEATURE:1cxx_local_type_template_args
    Feature record: CXX_FEATURE:1cxx_long_long_type
    Feature record: CXX_FEATURE:1cxx_noexcept
    Feature record: CXX_FEATURE:1cxx_nonstatic_member_init
    Feature record: CXX_FEATURE:1cxx_nullptr
    Feature record: CXX_FEATURE:1cxx_override
    Feature record: CXX_FEATURE:1cxx_range_for
    Feature record: CXX_FEATURE:1cxx_raw_string_literals
    Feature record: CXX_FEATURE:1cxx_reference_qualified_functions
    Feature record: CXX_FEATURE:0cxx_relaxed_constexpr
    Feature record: CXX_FEATURE:1cxx_return_type_deduction
    Feature record: CXX_FEATURE:1cxx_right_angle_brackets
    Feature record: CXX_FEATURE:1cxx_rvalue_references
    Feature record: CXX_FEATURE:1cxx_sizeof_member
    Feature record: CXX_FEATURE:1cxx_static_assert
    Feature record: CXX_FEATURE:1cxx_strong_enums
    Feature record: CXX_FEATURE:1cxx_template_template_parameters
    Feature record: CXX_FEATURE:1cxx_thread_local
    Feature record: CXX_FEATURE:1cxx_trailing_return_types
    Feature record: CXX_FEATURE:1cxx_unicode_literals
    Feature record: CXX_FEATURE:1cxx_uniform_initialization
    Feature record: CXX_FEATURE:1cxx_unrestricted_unions
    Feature record: CXX_FEATURE:1cxx_user_literals
    Feature record: CXX_FEATURE:0cxx_variable_templates
    Feature record: CXX_FEATURE:1cxx_variadic_macros
    Feature record: CXX_FEATURE:1cxx_variadic_templates


Detecting CXX [-std=c++11] compiler features compiled with the following output:
Change Dir: /home/james/Documents/TopCoder/Solutions/git/earthquake_forcaster/build-quakePredictor-aws/CMakeFiles/CMakeTmp

Run Build Command:"/usr/bin/make" "cmTryCompileExec4181355562/fast"
/usr/bin/make -f CMakeFiles/cmTryCompileExec4181355562.dir/build.make CMakeFiles/cmTryCompileExec4181355562.dir/build
make[1]: Entering directory '/home/james/Documents/TopCoder/Solutions/git/earthquake_forcaster/build-quakePredictor-aws/CMakeFiles/CMakeTmp'
/usr/local/bin/cmake -E cmake_progress_report /home/james/Documents/TopCoder/Solutions/git/earthquake_forcaster/build-quakePredictor-aws/CMakeFiles/CMakeTmp/CMakeFiles 1
Building CXX object CMakeFiles/cmTryCompileExec4181355562.dir/feature_tests.cxx.o
/usr/bin/c++    -std=c++11 -o CMakeFiles/cmTryCompileExec4181355562.dir/feature_tests.cxx.o -c /home/james/Documents/TopCoder/Solutions/git/earthquake_forcaster/build-quakePredictor-aws/CMakeFiles/feature_tests.cxx
Linking CXX executable cmTryCompileExec4181355562
/usr/local/bin/cmake -E cmake_link_script CMakeFiles/cmTryCompileExec4181355562.dir/link.txt --verbose=1
/usr/bin/c++        CMakeFiles/cmTryCompileExec4181355562.dir/feature_tests.cxx.o  -o cmTryCompileExec4181355562 -rdynamic 
make[1]: Leaving directory '/home/james/Documents/TopCoder/Solutions/git/earthquake_forcaster/build-quakePredictor-aws/CMakeFiles/CMakeTmp'


    Feature record: CXX_FEATURE:0cxx_aggregate_default_initializers
    Feature record: CXX_FEATURE:1cxx_alias_templates
    Feature record: CXX_FEATURE:1cxx_alignas
    Feature record: CXX_FEATURE:1cxx_alignof
    Feature record: CXX_FEATURE:1cxx_attributes
    Feature record: CXX_FEATURE:0cxx_attribute_deprecated
    Feature record: CXX_FEATURE:1cxx_auto_type
    Feature record: CXX_FEATURE:0cxx_binary_literals
    Feature record: CXX_FEATURE:1cxx_constexpr
    Feature record: CXX_FEATURE:0cxx_contextual_conversions
    Feature record: CXX_FEATURE:1cxx_decltype
    Feature record: CXX_FEATURE:0cxx_decltype_auto
    Feature record: CXX_FEATURE:1cxx_decltype_incomplete_return_types
    Feature record: CXX_FEATURE:1cxx_default_function_template_args
    Feature record: CXX_FEATURE:1cxx_defaulted_functions
    Feature record: CXX_FEATURE:1cxx_defaulted_move_initializers
    Feature record: CXX_FEATURE:1cxx_delegating_constructors
    Feature record: CXX_FEATURE:1cxx_deleted_functions
    Feature record: CXX_FEATURE:0cxx_digit_separators
    Feature record: CXX_FEATURE:1cxx_enum_forward_declarations
    Feature record: CXX_FEATURE:1cxx_explicit_conversions
    Feature record: CXX_FEATURE:1cxx_extended_friend_declarations
    Feature record: CXX_FEATURE:1cxx_extern_templates
    Feature record: CXX_FEATURE:1cxx_final
    Feature record: CXX_FEATURE:1cxx_func_identifier
    Feature record: CXX_FEATURE:1cxx_generalized_initializers
    Feature record: CXX_FEATURE:0cxx_generic_lambdas
    Feature record: CXX_FEATURE:1cxx_inheriting_constructors
    Feature record: CXX_FEATURE:1cxx_inline_namespaces
    Feature record: CXX_FEATURE:1cxx_lambdas
    Feature record: CXX_FEATURE:0cxx_lambda_init_captures
    Feature record: CXX_FEATURE:1cxx_local_type_template_args
    Feature record: CXX_FEATURE:1cxx_long_long_type
    Feature record: CXX_FEATURE:1cxx_noexcept
    Feature record: CXX_FEATURE:1cxx_nonstatic_member_init
    Feature record: CXX_FEATURE:1cxx_nullptr
    Feature record: CXX_FEATURE:1cxx_override
    Feature record: CXX_FEATURE:1cxx_range_for
    Feature record: CXX_FEATURE:1cxx_raw_string_literals
    Feature record: CXX_FEATURE:1cxx_reference_qualified_functions
    Feature record: CXX_FEATURE:0cxx_relaxed_constexpr
    Feature record: CXX_FEATURE:0cxx_return_type_deduction
    Feature record: CXX_FEATURE:1cxx_right_angle_brackets
    Feature record: CXX_FEATURE:1cxx_rvalue_references
    Feature record: CXX_FEATURE:1cxx_sizeof_member
    Feature record: CXX_FEATURE:1cxx_static_assert
    Feature record: CXX_FEATURE:1cxx_strong_enums
    Feature record: CXX_FEATURE:1cxx_template_template_parameters
    Feature record: CXX_FEATURE:1cxx_thread_local
    Feature record: CXX_FEATURE:1cxx_trailing_return_types
    Feature record: CXX_FEATURE:1cxx_unicode_literals
    Feature record: CXX_FEATURE:1cxx_uniform_initialization
    Feature record: CXX_FEATURE:1cxx_unrestricted_unions
    Feature record: CXX_FEATURE:1cxx_user_literals
    Feature record: CXX_FEATURE:0cxx_variable_templates
    Feature record: CXX_FEATURE:1cxx_variadic_macros
    Feature record: CXX_FEATURE:1cxx_variadic_templates


Detecting CXX [-std=c++98] compiler features compiled with the following output:
Change Dir: /home/james/Documents/TopCoder/Solutions/git/earthquake_forcaster/build-quakePredictor-aws/CMakeFiles/CMakeTmp

Run Build Command:"/usr/bin/make" "cmTryCompileExec3853328269/fast"
/usr/bin/make -f CMakeFiles/cmTryCompileExec3853328269.dir/build.make CMakeFiles/cmTryCompileExec3853328269.dir/build
make[1]: Entering directory '/home/james/Documents/TopCoder/Solutions/git/earthquake_forcaster/build-quakePredictor-aws/CMakeFiles/CMakeTmp'
/usr/local/bin/cmake -E cmake_progress_report /home/james/Documents/TopCoder/Solutions/git/earthquake_forcaster/build-quakePredictor-aws/CMakeFiles/CMakeTmp/CMakeFiles 1
Building CXX object CMakeFiles/cmTryCompileExec3853328269.dir/feature_tests.cxx.o
/usr/bin/c++    -std=c++98 -o CMakeFiles/cmTryCompileExec3853328269.dir/feature_tests.cxx.o -c /home/james/Documents/TopCoder/Solutions/git/earthquake_forcaster/build-quakePredictor-aws/CMakeFiles/feature_tests.cxx
Linking CXX executable cmTryCompileExec3853328269
/usr/local/bin/cmake -E cmake_link_script CMakeFiles/cmTryCompileExec3853328269.dir/link.txt --verbose=1
/usr/bin/c++        CMakeFiles/cmTryCompileExec3853328269.dir/feature_tests.cxx.o  -o cmTryCompileExec3853328269 -rdynamic 
make[1]: Leaving directory '/home/james/Documents/TopCoder/Solutions/git/earthquake_forcaster/build-quakePredictor-aws/CMakeFiles/CMakeTmp'


    Feature record: CXX_FEATURE:0cxx_aggregate_default_initializers
    Feature record: CXX_FEATURE:0cxx_alias_templates
    Feature record: CXX_FEATURE:0cxx_alignas
    Feature record: CXX_FEATURE:0cxx_alignof
    Feature record: CXX_FEATURE:0cxx_attributes
    Feature record: CXX_FEATURE:0cxx_attribute_deprecated
    Feature record: CXX_FEATURE:0cxx_auto_type
    Feature record: CXX_FEATURE:0cxx_binary_literals
    Feature record: CXX_FEATURE:0cxx_constexpr
    Feature record: CXX_FEATURE:0cxx_contextual_conversions
    Feature record: CXX_FEATURE:0cxx_decltype
    Feature record: CXX_FEATURE:0cxx_decltype_auto
    Feature record: CXX_FEATURE:0cxx_decltype_incomplete_return_types
    Feature record: CXX_FEATURE:0cxx_default_function_template_args
    Feature record: CXX_FEATURE:0cxx_defaulted_functions
    Feature record: CXX_FEATURE:0cxx_defaulted_move_initializers
    Feature record: CXX_FEATURE:0cxx_delegating_constructors
    Feature record: CXX_FEATURE:0cxx_deleted_functions
    Feature record: CXX_FEATURE:0cxx_digit_separators
    Feature record: CXX_FEATURE:0cxx_enum_forward_declarations
    Feature record: CXX_FEATURE:0cxx_explicit_conversions
    Feature record: CXX_FEATURE:0cxx_extended_friend_declarations
    Feature record: CXX_FEATURE:0cxx_extern_templates
    Feature record: CXX_FEATURE:0cxx_final
    Feature record: CXX_FEATURE:0cxx_func_identifier
    Feature record: CXX_FEATURE:0cxx_generalized_initializers
    Feature record: CXX_FEATURE:0cxx_generic_lambdas
    Feature record: CXX_FEATURE:0cxx_inheriting_constructors
    Feature record: CXX_FEATURE:0cxx_inline_namespaces
    Feature record: CXX_FEATURE:0cxx_lambdas
    Feature record: CXX_FEATURE:0cxx_lambda_init_captures
    Feature record: CXX_FEATURE:0cxx_local_type_template_args
    Feature record: CXX_FEATURE:0cxx_long_long_type
    Feature record: CXX_FEATURE:0cxx_noexcept
    Feature record: CXX_FEATURE:0cxx_nonstatic_member_init
    Feature record: CXX_FEATURE:0cxx_nullptr
    Feature record: CXX_FEATURE:0cxx_override
    Feature record: CXX_FEATURE:0cxx_range_for
    Feature record: CXX_FEATURE:0cxx_raw_string_literals
    Feature record: CXX_FEATURE:0cxx_reference_qualified_functions
    Feature record: CXX_FEATURE:0cxx_relaxed_constexpr
    Feature record: CXX_FEATURE:0cxx_return_type_deduction
    Feature record: CXX_FEATURE:0cxx_right_angle_brackets
    Feature record: CXX_FEATURE:0cxx_rvalue_references
    Feature record: CXX_FEATURE:0cxx_sizeof_member
    Feature record: CXX_FEATURE:0cxx_static_assert
    Feature record: CXX_FEATURE:0cxx_strong_enums
    Feature record: CXX_FEATURE:1cxx_template_template_parameters
    Feature record: CXX_FEATURE:0cxx_thread_local
    Feature record: CXX_FEATURE:0cxx_trailing_return_types
    Feature record: CXX_FEATURE:0cxx_unicode_literals
    Feature record: CXX_FEATURE:0cxx_uniform_initialization
    Feature record: CXX_FEATURE:0cxx_unrestricted_unions
    Feature record: CXX_FEATURE:0cxx_user_literals
    Feature record: CXX_FEATURE:0cxx_variable_templates
    Feature record: CXX_FEATURE:0cxx_variadic_macros
    Feature record: CXX_FEATURE:0cxx_variadic_templates
Determining if the function XOpenDisplay exists in the /usr/lib/x86_64-linux-gnu/libX11.so;/usr/lib/x86_64-linux-gnu/libXext.so passed with the following output:
Change Dir: /home/james/Documents/TopCoder/Solutions/git/earthquake_forcaster/build-quakePredictor-aws/CMakeFiles/CMakeTmp

Run Build Command:"/usr/bin/make" "cmTryCompileExec2034949278/fast"
make[1]: Entering directory '/home/james/Documents/TopCoder/Solutions/git/earthquake_forcaster/build-quakePredictor-aws/CMakeFiles/CMakeTmp'
/usr/bin/make -f CMakeFiles/cmTryCompileExec2034949278.dir/build.make CMakeFiles/cmTryCompileExec2034949278.dir/build
make[2]: Entering directory '/home/james/Documents/TopCoder/Solutions/git/earthquake_forcaster/build-quakePredictor-aws/CMakeFiles/CMakeTmp'
/usr/local/bin/cmake -E cmake_progress_report /home/james/Documents/TopCoder/Solutions/git/earthquake_forcaster/build-quakePredictor-aws/CMakeFiles/CMakeTmp/CMakeFiles 1
Building C object CMakeFiles/cmTryCompileExec2034949278.dir/CheckFunctionExists.c.o
/usr/bin/cc   -DCHECK_FUNCTION_EXISTS=XOpenDisplay   -o CMakeFiles/cmTryCompileExec2034949278.dir/CheckFunctionExists.c.o   -c /usr/local/share/cmake-3.2/Modules/CheckFunctionExists.c
Linking C executable cmTryCompileExec2034949278
/usr/local/bin/cmake -E cmake_link_script CMakeFiles/cmTryCompileExec2034949278.dir/link.txt --verbose=1
/usr/bin/cc   -DCHECK_FUNCTION_EXISTS=XOpenDisplay    CMakeFiles/cmTryCompileExec2034949278.dir/CheckFunctionExists.c.o  -o cmTryCompileExec2034949278 -rdynamic -lX11 -lXext 
make[2]: Leaving directory '/home/james/Documents/TopCoder/Solutions/git/earthquake_forcaster/build-quakePredictor-aws/CMakeFiles/CMakeTmp'
make[1]: Leaving directory '/home/james/Documents/TopCoder/Solutions/git/earthquake_forcaster/build-quakePredictor-aws/CMakeFiles/CMakeTmp'


Determining if the function gethostbyname exists passed with the following output:
Change Dir: /home/james/Documents/TopCoder/Solutions/git/earthquake_forcaster/build-quakePredictor-aws/CMakeFiles/CMakeTmp

Run Build Command:"/usr/bin/make" "cmTryCompileExec1462709464/fast"
make[1]: Entering directory '/home/james/Documents/TopCoder/Solutions/git/earthquake_forcaster/build-quakePredictor-aws/CMakeFiles/CMakeTmp'
/usr/bin/make -f CMakeFiles/cmTryCompileExec1462709464.dir/build.make CMakeFiles/cmTryCompileExec1462709464.dir/build
make[2]: Entering directory '/home/james/Documents/TopCoder/Solutions/git/earthquake_forcaster/build-quakePredictor-aws/CMakeFiles/CMakeTmp'
/usr/local/bin/cmake -E cmake_progress_report /home/james/Documents/TopCoder/Solutions/git/earthquake_forcaster/build-quakePredictor-aws/CMakeFiles/CMakeTmp/CMakeFiles 1
Building C object CMakeFiles/cmTryCompileExec1462709464.dir/CheckFunctionExists.c.o
/usr/bin/cc   -DCHECK_FUNCTION_EXISTS=gethostbyname   -o CMakeFiles/cmTryCompileExec1462709464.dir/CheckFunctionExists.c.o   -c /usr/local/share/cmake-3.2/Modules/CheckFunctionExists.c
Linking C executable cmTryCompileExec1462709464
/usr/local/bin/cmake -E cmake_link_script CMakeFiles/cmTryCompileExec1462709464.dir/link.txt --verbose=1
/usr/bin/cc   -DCHECK_FUNCTION_EXISTS=gethostbyname    CMakeFiles/cmTryCompileExec1462709464.dir/CheckFunctionExists.c.o  -o cmTryCompileExec1462709464 -rdynamic 
make[2]: Leaving directory '/home/james/Documents/TopCoder/Solutions/git/earthquake_forcaster/build-quakePredictor-aws/CMakeFiles/CMakeTmp'
make[1]: Leaving directory '/home/james/Documents/TopCoder/Solutions/git/earthquake_forcaster/build-quakePredictor-aws/CMakeFiles/CMakeTmp'


Determining if the function connect exists passed with the following output:
Change Dir: /home/james/Documents/TopCoder/Solutions/git/earthquake_forcaster/build-quakePredictor-aws/CMakeFiles/CMakeTmp

Run Build Command:"/usr/bin/make" "cmTryCompileExec3449799868/fast"
make[1]: Entering directory '/home/james/Documents/TopCoder/Solutions/git/earthquake_forcaster/build-quakePredictor-aws/CMakeFiles/CMakeTmp'
/usr/bin/make -f CMakeFiles/cmTryCompileExec3449799868.dir/build.make CMakeFiles/cmTryCompileExec3449799868.dir/build
make[2]: Entering directory '/home/james/Documents/TopCoder/Solutions/git/earthquake_forcaster/build-quakePredictor-aws/CMakeFiles/CMakeTmp'
/usr/local/bin/cmake -E cmake_progress_report /home/james/Documents/TopCoder/Solutions/git/earthquake_forcaster/build-quakePredictor-aws/CMakeFiles/CMakeTmp/CMakeFiles 1
Building C object CMakeFiles/cmTryCompileExec3449799868.dir/CheckFunctionExists.c.o
/usr/bin/cc   -DCHECK_FUNCTION_EXISTS=connect   -o CMakeFiles/cmTryCompileExec3449799868.dir/CheckFunctionExists.c.o   -c /usr/local/share/cmake-3.2/Modules/CheckFunctionExists.c
Linking C executable cmTryCompileExec3449799868
/usr/local/bin/cmake -E cmake_link_script CMakeFiles/cmTryCompileExec3449799868.dir/link.txt --verbose=1
/usr/bin/cc   -DCHECK_FUNCTION_EXISTS=connect    CMakeFiles/cmTryCompileExec3449799868.dir/CheckFunctionExists.c.o  -o cmTryCompileExec3449799868 -rdynamic 
make[2]: Leaving directory '/home/james/Documents/TopCoder/Solutions/git/earthquake_forcaster/build-quakePredictor-aws/CMakeFiles/CMakeTmp'
make[1]: Leaving directory '/home/james/Documents/TopCoder/Solutions/git/earthquake_forcaster/build-quakePredictor-aws/CMakeFiles/CMakeTmp'


Determining if the function remove exists passed with the following output:
Change Dir: /home/james/Documents/TopCoder/Solutions/git/earthquake_forcaster/build-quakePredictor-aws/CMakeFiles/CMakeTmp

Run Build Command:"/usr/bin/make" "cmTryCompileExec247316594/fast"
make[1]: Entering directory '/home/james/Documents/TopCoder/Solutions/git/earthquake_forcaster/build-quakePredictor-aws/CMakeFiles/CMakeTmp'
/usr/bin/make -f CMakeFiles/cmTryCompileExec247316594.dir/build.make CMakeFiles/cmTryCompileExec247316594.dir/build
make[2]: Entering directory '/home/james/Documents/TopCoder/Solutions/git/earthquake_forcaster/build-quakePredictor-aws/CMakeFiles/CMakeTmp'
/usr/local/bin/cmake -E cmake_progress_report /home/james/Documents/TopCoder/Solutions/git/earthquake_forcaster/build-quakePredictor-aws/CMakeFiles/CMakeTmp/CMakeFiles 1
Building C object CMakeFiles/cmTryCompileExec247316594.dir/CheckFunctionExists.c.o
/usr/bin/cc   -DCHECK_FUNCTION_EXISTS=remove   -o CMakeFiles/cmTryCompileExec247316594.dir/CheckFunctionExists.c.o   -c /usr/local/share/cmake-3.2/Modules/CheckFunctionExists.c
Linking C executable cmTryCompileExec247316594
/usr/local/bin/cmake -E cmake_link_script CMakeFiles/cmTryCompileExec247316594.dir/link.txt --verbose=1
/usr/bin/cc   -DCHECK_FUNCTION_EXISTS=remove    CMakeFiles/cmTryCompileExec247316594.dir/CheckFunctionExists.c.o  -o cmTryCompileExec247316594 -rdynamic 
make[2]: Leaving directory '/home/james/Documents/TopCoder/Solutions/git/earthquake_forcaster/build-quakePredictor-aws/CMakeFiles/CMakeTmp'
make[1]: Leaving directory '/home/james/Documents/TopCoder/Solutions/git/earthquake_forcaster/build-quakePredictor-aws/CMakeFiles/CMakeTmp'


Determining if the function shmat exists passed with the following output:
Change Dir: /home/james/Documents/TopCoder/Solutions/git/earthquake_forcaster/build-quakePredictor-aws/CMakeFiles/CMakeTmp

Run Build Command:"/usr/bin/make" "cmTryCompileExec16642441/fast"
make[1]: Entering directory '/home/james/Documents/TopCoder/Solutions/git/earthquake_forcaster/build-quakePredictor-aws/CMakeFiles/CMakeTmp'
/usr/bin/make -f CMakeFiles/cmTryCompileExec16642441.dir/build.make CMakeFiles/cmTryCompileExec16642441.dir/build
make[2]: Entering directory '/home/james/Documents/TopCoder/Solutions/git/earthquake_forcaster/build-quakePredictor-aws/CMakeFiles/CMakeTmp'
/usr/local/bin/cmake -E cmake_progress_report /home/james/Documents/TopCoder/Solutions/git/earthquake_forcaster/build-quakePredictor-aws/CMakeFiles/CMakeTmp/CMakeFiles 1
Building C object CMakeFiles/cmTryCompileExec16642441.dir/CheckFunctionExists.c.o
/usr/bin/cc   -DCHECK_FUNCTION_EXISTS=shmat   -o CMakeFiles/cmTryCompileExec16642441.dir/CheckFunctionExists.c.o   -c /usr/local/share/cmake-3.2/Modules/CheckFunctionExists.c
Linking C executable cmTryCompileExec16642441
/usr/local/bin/cmake -E cmake_link_script CMakeFiles/cmTryCompileExec16642441.dir/link.txt --verbose=1
/usr/bin/cc   -DCHECK_FUNCTION_EXISTS=shmat    CMakeFiles/cmTryCompileExec16642441.dir/CheckFunctionExists.c.o  -o cmTryCompileExec16642441 -rdynamic 
make[2]: Leaving directory '/home/james/Documents/TopCoder/Solutions/git/earthquake_forcaster/build-quakePredictor-aws/CMakeFiles/CMakeTmp'
make[1]: Leaving directory '/home/james/Documents/TopCoder/Solutions/git/earthquake_forcaster/build-quakePredictor-aws/CMakeFiles/CMakeTmp'


Determining if the function IceConnectionNumber exists in the ICE passed with the following output:
Change Dir: /home/james/Documents/TopCoder/Solutions/git/earthquake_forcaster/build-quakePredictor-aws/CMakeFiles/CMakeTmp

Run Build Command:"/usr/bin/make" "cmTryCompileExec1160034079/fast"
make[1]: Entering directory '/home/james/Documents/TopCoder/Solutions/git/earthquake_forcaster/build-quakePredictor-aws/CMakeFiles/CMakeTmp'
/usr/bin/make -f CMakeFiles/cmTryCompileExec1160034079.dir/build.make CMakeFiles/cmTryCompileExec1160034079.dir/build
make[2]: Entering directory '/home/james/Documents/TopCoder/Solutions/git/earthquake_forcaster/build-quakePredictor-aws/CMakeFiles/CMakeTmp'
/usr/local/bin/cmake -E cmake_progress_report /home/james/Documents/TopCoder/Solutions/git/earthquake_forcaster/build-quakePredictor-aws/CMakeFiles/CMakeTmp/CMakeFiles 1
Building C object CMakeFiles/cmTryCompileExec1160034079.dir/CheckFunctionExists.c.o
/usr/bin/cc   -DCHECK_FUNCTION_EXISTS=IceConnectionNumber   -o CMakeFiles/cmTryCompileExec1160034079.dir/CheckFunctionExists.c.o   -c /usr/local/share/cmake-3.2/Modules/CheckFunctionExists.c
Linking C executable cmTryCompileExec1160034079
/usr/local/bin/cmake -E cmake_link_script CMakeFiles/cmTryCompileExec1160034079.dir/link.txt --verbose=1
/usr/bin/cc   -DCHECK_FUNCTION_EXISTS=IceConnectionNumber    CMakeFiles/cmTryCompileExec1160034079.dir/CheckFunctionExists.c.o  -o cmTryCompileExec1160034079 -rdynamic -lICE 
make[2]: Leaving directory '/home/james/Documents/TopCoder/Solutions/git/earthquake_forcaster/build-quakePredictor-aws/CMakeFiles/CMakeTmp'
make[1]: Leaving directory '/home/james/Documents/TopCoder/Solutions/git/earthquake_forcaster/build-quakePredictor-aws/CMakeFiles/CMakeTmp'


Determining if the function png_create_read_struct exists passed with the following output:
Change Dir: /home/james/Documents/TopCoder/Solutions/git/earthquake_forcaster/build-quakePredictor-aws/CMakeFiles/CMakeTmp

Run Build Command:"/usr/bin/make" "cmTryCompileExec2179145316/fast"
make[1]: Entering directory '/home/james/Documents/TopCoder/Solutions/git/earthquake_forcaster/build-quakePredictor-aws/CMakeFiles/CMakeTmp'
/usr/bin/make -f CMakeFiles/cmTryCompileExec2179145316.dir/build.make CMakeFiles/cmTryCompileExec2179145316.dir/build
make[2]: Entering directory '/home/james/Documents/TopCoder/Solutions/git/earthquake_forcaster/build-quakePredictor-aws/CMakeFiles/CMakeTmp'
/usr/local/bin/cmake -E cmake_progress_report /home/james/Documents/TopCoder/Solutions/git/earthquake_forcaster/build-quakePredictor-aws/CMakeFiles/CMakeTmp/CMakeFiles 1
Building C object CMakeFiles/cmTryCompileExec2179145316.dir/CheckFunctionExists.c.o
/usr/bin/cc   -DCHECK_FUNCTION_EXISTS=png_create_read_struct   -o CMakeFiles/cmTryCompileExec2179145316.dir/CheckFunctionExists.c.o   -c /usr/local/share/cmake-3.2/Modules/CheckFunctionExists.c
Linking C executable cmTryCompileExec2179145316
/usr/local/bin/cmake -E cmake_link_script CMakeFiles/cmTryCompileExec2179145316.dir/link.txt --verbose=1
/usr/bin/cc   -DCHECK_FUNCTION_EXISTS=png_create_read_struct    CMakeFiles/cmTryCompileExec2179145316.dir/CheckFunctionExists.c.o  -o cmTryCompileExec2179145316 -rdynamic -lpng 
make[2]: Leaving directory '/home/james/Documents/TopCoder/Solutions/git/earthquake_forcaster/build-quakePredictor-aws/CMakeFiles/CMakeTmp'
make[1]: Leaving directory '/home/james/Documents/TopCoder/Solutions/git/earthquake_forcaster/build-quakePredictor-aws/CMakeFiles/CMakeTmp'


Determining if the function jpeg_read_header exists passed with the following output:
Change Dir: /home/james/Documents/TopCoder/Solutions/git/earthquake_forcaster/build-quakePredictor-aws/CMakeFiles/CMakeTmp

Run Build Command:"/usr/bin/make" "cmTryCompileExec2127226566/fast"
make[1]: Entering directory '/home/james/Documents/TopCoder/Solutions/git/earthquake_forcaster/build-quakePredictor-aws/CMakeFiles/CMakeTmp'
/usr/bin/make -f CMakeFiles/cmTryCompileExec2127226566.dir/build.make CMakeFiles/cmTryCompileExec2127226566.dir/build
make[2]: Entering directory '/home/james/Documents/TopCoder/Solutions/git/earthquake_forcaster/build-quakePredictor-aws/CMakeFiles/CMakeTmp'
/usr/local/bin/cmake -E cmake_progress_report /home/james/Documents/TopCoder/Solutions/git/earthquake_forcaster/build-quakePredictor-aws/CMakeFiles/CMakeTmp/CMakeFiles 1
Building C object CMakeFiles/cmTryCompileExec2127226566.dir/CheckFunctionExists.c.o
/usr/bin/cc   -DCHECK_FUNCTION_EXISTS=jpeg_read_header   -o CMakeFiles/cmTryCompileExec2127226566.dir/CheckFunctionExists.c.o   -c /usr/local/share/cmake-3.2/Modules/CheckFunctionExists.c
Linking C executable cmTryCompileExec2127226566
/usr/local/bin/cmake -E cmake_link_script CMakeFiles/cmTryCompileExec2127226566.dir/link.txt --verbose=1
/usr/bin/cc   -DCHECK_FUNCTION_EXISTS=jpeg_read_header    CMakeFiles/cmTryCompileExec2127226566.dir/CheckFunctionExists.c.o  -o cmTryCompileExec2127226566 -rdynamic -ljpeg 
make[2]: Leaving directory '/home/james/Documents/TopCoder/Solutions/git/earthquake_forcaster/build-quakePredictor-aws/CMakeFiles/CMakeTmp'
make[1]: Leaving directory '/home/james/Documents/TopCoder/Solutions/git/earthquake_forcaster/build-quakePredictor-aws/CMakeFiles/CMakeTmp'


Determining if the include file sys/types.h exists passed with the following output:
Change Dir: /home/james/Documents/TopCoder/Solutions/git/earthquake_forcaster/build-quakePredictor-aws/CMakeFiles/CMakeTmp

Run Build Command:"/usr/bin/make" "cmTryCompileExec4169322639/fast"
make[1]: Entering directory '/home/james/Documents/TopCoder/Solutions/git/earthquake_forcaster/build-quakePredictor-aws/CMakeFiles/CMakeTmp'
/usr/bin/make -f CMakeFiles/cmTryCompileExec4169322639.dir/build.make CMakeFiles/cmTryCompileExec4169322639.dir/build
make[2]: Entering directory '/home/james/Documents/TopCoder/Solutions/git/earthquake_forcaster/build-quakePredictor-aws/CMakeFiles/CMakeTmp'
/usr/local/bin/cmake -E cmake_progress_report /home/james/Documents/TopCoder/Solutions/git/earthquake_forcaster/build-quakePredictor-aws/CMakeFiles/CMakeTmp/CMakeFiles 1
Building C object CMakeFiles/cmTryCompileExec4169322639.dir/CheckIncludeFile.c.o
/usr/bin/cc    -o CMakeFiles/cmTryCompileExec4169322639.dir/CheckIncludeFile.c.o   -c /home/james/Documents/TopCoder/Solutions/git/earthquake_forcaster/build-quakePredictor-aws/CMakeFiles/CMakeTmp/CheckIncludeFile.c
Linking C executable cmTryCompileExec4169322639
/usr/local/bin/cmake -E cmake_link_script CMakeFiles/cmTryCompileExec4169322639.dir/link.txt --verbose=1
/usr/bin/cc       CMakeFiles/cmTryCompileExec4169322639.dir/CheckIncludeFile.c.o  -o cmTryCompileExec4169322639 -rdynamic 
make[2]: Leaving directory '/home/james/Documents/TopCoder/Solutions/git/earthquake_forcaster/build-quakePredictor-aws/CMakeFiles/CMakeTmp'
make[1]: Leaving directory '/home/james/Documents/TopCoder/Solutions/git/earthquake_forcaster/build-quakePredictor-aws/CMakeFiles/CMakeTmp'


Determining if the include file stdint.h exists passed with the following output:
Change Dir: /home/james/Documents/TopCoder/Solutions/git/earthquake_forcaster/build-quakePredictor-aws/CMakeFiles/CMakeTmp

Run Build Command:"/usr/bin/make" "cmTryCompileExec3322636514/fast"
make[1]: Entering directory '/home/james/Documents/TopCoder/Solutions/git/earthquake_forcaster/build-quakePredictor-aws/CMakeFiles/CMakeTmp'
/usr/bin/make -f CMakeFiles/cmTryCompileExec3322636514.dir/build.make CMakeFiles/cmTryCompileExec3322636514.dir/build
make[2]: Entering directory '/home/james/Documents/TopCoder/Solutions/git/earthquake_forcaster/build-quakePredictor-aws/CMakeFiles/CMakeTmp'
/usr/local/bin/cmake -E cmake_progress_report /home/james/Documents/TopCoder/Solutions/git/earthquake_forcaster/build-quakePredictor-aws/CMakeFiles/CMakeTmp/CMakeFiles 1
Building C object CMakeFiles/cmTryCompileExec3322636514.dir/CheckIncludeFile.c.o
/usr/bin/cc    -o CMakeFiles/cmTryCompileExec3322636514.dir/CheckIncludeFile.c.o   -c /home/james/Documents/TopCoder/Solutions/git/earthquake_forcaster/build-quakePredictor-aws/CMakeFiles/CMakeTmp/CheckIncludeFile.c
Linking C executable cmTryCompileExec3322636514
/usr/local/bin/cmake -E cmake_link_script CMakeFiles/cmTryCompileExec3322636514.dir/link.txt --verbose=1
/usr/bin/cc       CMakeFiles/cmTryCompileExec3322636514.dir/CheckIncludeFile.c.o  -o cmTryCompileExec3322636514 -rdynamic 
make[2]: Leaving directory '/home/james/Documents/TopCoder/Solutions/git/earthquake_forcaster/build-quakePredictor-aws/CMakeFiles/CMakeTmp'
make[1]: Leaving directory '/home/james/Documents/TopCoder/Solutions/git/earthquake_forcaster/build-quakePredictor-aws/CMakeFiles/CMakeTmp'


Determining if the include file stddef.h exists passed with the following output:
Change Dir: /home/james/Documents/TopCoder/Solutions/git/earthquake_forcaster/build-quakePredictor-aws/CMakeFiles/CMakeTmp

Run Build Command:"/usr/bin/make" "cmTryCompileExec2143357545/fast"
make[1]: Entering directory '/home/james/Documents/TopCoder/Solutions/git/earthquake_forcaster/build-quakePredictor-aws/CMakeFiles/CMakeTmp'
/usr/bin/make -f CMakeFiles/cmTryCompileExec2143357545.dir/build.make CMakeFiles/cmTryCompileExec2143357545.dir/build
make[2]: Entering directory '/home/james/Documents/TopCoder/Solutions/git/earthquake_forcaster/build-quakePredictor-aws/CMakeFiles/CMakeTmp'
/usr/local/bin/cmake -E cmake_progress_report /home/james/Documents/TopCoder/Solutions/git/earthquake_forcaster/build-quakePredictor-aws/CMakeFiles/CMakeTmp/CMakeFiles 1
Building C object CMakeFiles/cmTryCompileExec2143357545.dir/CheckIncludeFile.c.o
/usr/bin/cc    -o CMakeFiles/cmTryCompileExec2143357545.dir/CheckIncludeFile.c.o   -c /home/james/Documents/TopCoder/Solutions/git/earthquake_forcaster/build-quakePredictor-aws/CMakeFiles/CMakeTmp/CheckIncludeFile.c
Linking C executable cmTryCompileExec2143357545
/usr/local/bin/cmake -E cmake_link_script CMakeFiles/cmTryCompileExec2143357545.dir/link.txt --verbose=1
/usr/bin/cc       CMakeFiles/cmTryCompileExec2143357545.dir/CheckIncludeFile.c.o  -o cmTryCompileExec2143357545 -rdynamic 
make[2]: Leaving directory '/home/james/Documents/TopCoder/Solutions/git/earthquake_forcaster/build-quakePredictor-aws/CMakeFiles/CMakeTmp'
make[1]: Leaving directory '/home/james/Documents/TopCoder/Solutions/git/earthquake_forcaster/build-quakePredictor-aws/CMakeFiles/CMakeTmp'


Determining size of void* passed with the following output:
Change Dir: /home/james/Documents/TopCoder/Solutions/git/earthquake_forcaster/build-quakePredictor-aws/CMakeFiles/CMakeTmp

Run Build Command:"/usr/bin/make" "cmTryCompileExec3675845734/fast"
make[1]: Entering directory '/home/james/Documents/TopCoder/Solutions/git/earthquake_forcaster/build-quakePredictor-aws/CMakeFiles/CMakeTmp'
/usr/bin/make -f CMakeFiles/cmTryCompileExec3675845734.dir/build.make CMakeFiles/cmTryCompileExec3675845734.dir/build
make[2]: Entering directory '/home/james/Documents/TopCoder/Solutions/git/earthquake_forcaster/build-quakePredictor-aws/CMakeFiles/CMakeTmp'
/usr/local/bin/cmake -E cmake_progress_report /home/james/Documents/TopCoder/Solutions/git/earthquake_forcaster/build-quakePredictor-aws/CMakeFiles/CMakeTmp/CMakeFiles 1
Building C object CMakeFiles/cmTryCompileExec3675845734.dir/SIZE_OF_VOID_PTR.c.o
/usr/bin/cc    -o CMakeFiles/cmTryCompileExec3675845734.dir/SIZE_OF_VOID_PTR.c.o   -c /home/james/Documents/TopCoder/Solutions/git/earthquake_forcaster/build-quakePredictor-aws/CMakeFiles/CheckTypeSize/SIZE_OF_VOID_PTR.c
Linking C executable cmTryCompileExec3675845734
/usr/local/bin/cmake -E cmake_link_script CMakeFiles/cmTryCompileExec3675845734.dir/link.txt --verbose=1
/usr/bin/cc       CMakeFiles/cmTryCompileExec3675845734.dir/SIZE_OF_VOID_PTR.c.o  -o cmTryCompileExec3675845734 -rdynamic -ljpeg 
make[2]: Leaving directory '/home/james/Documents/TopCoder/Solutions/git/earthquake_forcaster/build-quakePredictor-aws/CMakeFiles/CMakeTmp'
make[1]: Leaving directory '/home/james/Documents/TopCoder/Solutions/git/earthquake_forcaster/build-quakePredictor-aws/CMakeFiles/CMakeTmp'


Determining if the function cblas_ddot exists passed with the following output:
Change Dir: /home/james/Documents/TopCoder/Solutions/git/earthquake_forcaster/build-quakePredictor-aws/CMakeFiles/CMakeTmp

Run Build Command:"/usr/bin/make" "cmTryCompileExec1113222872/fast"
make[1]: Entering directory '/home/james/Documents/TopCoder/Solutions/git/earthquake_forcaster/build-quakePredictor-aws/CMakeFiles/CMakeTmp'
/usr/bin/make -f CMakeFiles/cmTryCompileExec1113222872.dir/build.make CMakeFiles/cmTryCompileExec1113222872.dir/build
make[2]: Entering directory '/home/james/Documents/TopCoder/Solutions/git/earthquake_forcaster/build-quakePredictor-aws/CMakeFiles/CMakeTmp'
/usr/local/bin/cmake -E cmake_progress_report /home/james/Documents/TopCoder/Solutions/git/earthquake_forcaster/build-quakePredictor-aws/CMakeFiles/CMakeTmp/CMakeFiles 1
Building C object CMakeFiles/cmTryCompileExec1113222872.dir/CheckFunctionExists.c.o
/usr/bin/cc   -DCHECK_FUNCTION_EXISTS=cblas_ddot   -o CMakeFiles/cmTryCompileExec1113222872.dir/CheckFunctionExists.c.o   -c /usr/local/share/cmake-3.2/Modules/CheckFunctionExists.c
Linking C executable cmTryCompileExec1113222872
/usr/local/bin/cmake -E cmake_link_script CMakeFiles/cmTryCompileExec1113222872.dir/link.txt --verbose=1
/usr/bin/cc   -DCHECK_FUNCTION_EXISTS=cblas_ddot    CMakeFiles/cmTryCompileExec1113222872.dir/CheckFunctionExists.c.o  -o cmTryCompileExec1113222872 -rdynamic -latlas -lcblas 
make[2]: Leaving directory '/home/james/Documents/TopCoder/Solutions/git/earthquake_forcaster/build-quakePredictor-aws/CMakeFiles/CMakeTmp'
make[1]: Leaving directory '/home/james/Documents/TopCoder/Solutions/git/earthquake_forcaster/build-quakePredictor-aws/CMakeFiles/CMakeTmp'


Determining if the CXX compiler has std namespace passed with the following output:
Change Dir: /home/james/Documents/TopCoder/Solutions/git/earthquake_forcaster/build-quakePredictor-aws/CMakeFiles/CMakeTmp

Run Build Command:"/usr/bin/make" "cmTryCompileExec4049702734/fast"
make[1]: Entering directory '/home/james/Documents/TopCoder/Solutions/git/earthquake_forcaster/build-quakePredictor-aws/CMakeFiles/CMakeTmp'
/usr/bin/make -f CMakeFiles/cmTryCompileExec4049702734.dir/build.make CMakeFiles/cmTryCompileExec4049702734.dir/build
make[2]: Entering directory '/home/james/Documents/TopCoder/Solutions/git/earthquake_forcaster/build-quakePredictor-aws/CMakeFiles/CMakeTmp'
/usr/local/bin/cmake -E cmake_progress_report /home/james/Documents/TopCoder/Solutions/git/earthquake_forcaster/build-quakePredictor-aws/CMakeFiles/CMakeTmp/CMakeFiles 1
Building CXX object CMakeFiles/cmTryCompileExec4049702734.dir/TestForSTDNamespace.cxx.o
/usr/bin/c++     -o CMakeFiles/cmTryCompileExec4049702734.dir/TestForSTDNamespace.cxx.o -c /usr/local/share/cmake-3.2/Modules/TestForSTDNamespace.cxx
Linking CXX executable cmTryCompileExec4049702734
/usr/local/bin/cmake -E cmake_link_script CMakeFiles/cmTryCompileExec4049702734.dir/link.txt --verbose=1
/usr/bin/c++        CMakeFiles/cmTryCompileExec4049702734.dir/TestForSTDNamespace.cxx.o  -o cmTryCompileExec4049702734 -rdynamic 
make[2]: Leaving directory '/home/james/Documents/TopCoder/Solutions/git/earthquake_forcaster/build-quakePredictor-aws/CMakeFiles/CMakeTmp'
make[1]: Leaving directory '/home/james/Documents/TopCoder/Solutions/git/earthquake_forcaster/build-quakePredictor-aws/CMakeFiles/CMakeTmp'


Determining if the include file iostream exists passed with the following output:
Change Dir: /home/james/Documents/TopCoder/Solutions/git/earthquake_forcaster/build-quakePredictor-aws/CMakeFiles/CMakeTmp

Run Build Command:"/usr/bin/make" "cmTryCompileExec3872763615/fast"
make[1]: Entering directory '/home/james/Documents/TopCoder/Solutions/git/earthquake_forcaster/build-quakePredictor-aws/CMakeFiles/CMakeTmp'
/usr/bin/make -f CMakeFiles/cmTryCompileExec3872763615.dir/build.make CMakeFiles/cmTryCompileExec3872763615.dir/build
make[2]: Entering directory '/home/james/Documents/TopCoder/Solutions/git/earthquake_forcaster/build-quakePredictor-aws/CMakeFiles/CMakeTmp'
/usr/local/bin/cmake -E cmake_progress_report /home/james/Documents/TopCoder/Solutions/git/earthquake_forcaster/build-quakePredictor-aws/CMakeFiles/CMakeTmp/CMakeFiles 1
Building CXX object CMakeFiles/cmTryCompileExec3872763615.dir/CheckIncludeFile.cxx.o
/usr/bin/c++     -o CMakeFiles/cmTryCompileExec3872763615.dir/CheckIncludeFile.cxx.o -c /home/james/Documents/TopCoder/Solutions/git/earthquake_forcaster/build-quakePredictor-aws/CMakeFiles/CMakeTmp/CheckIncludeFile.cxx
Linking CXX executable cmTryCompileExec3872763615
/usr/local/bin/cmake -E cmake_link_script CMakeFiles/cmTryCompileExec3872763615.dir/link.txt --verbose=1
/usr/bin/c++        CMakeFiles/cmTryCompileExec3872763615.dir/CheckIncludeFile.cxx.o  -o cmTryCompileExec3872763615 -rdynamic 
make[2]: Leaving directory '/home/james/Documents/TopCoder/Solutions/git/earthquake_forcaster/build-quakePredictor-aws/CMakeFiles/CMakeTmp'
make[1]: Leaving directory '/home/james/Documents/TopCoder/Solutions/git/earthquake_forcaster/build-quakePredictor-aws/CMakeFiles/CMakeTmp'


